{"C:\\WebProgramming\\petProjects\\Planto-Laravel\\resources\\js\\composables\\useImageUpload.ts": {"path":"C:\\WebProgramming\\petProjects\\Planto-Laravel\\resources\\js\\composables\\useImageUpload.ts","statementMap":{"0":{"start":{"line":6,"column":10},"end":{"line":6,"column":null}},"1":{"start":{"line":7,"column":10},"end":{"line":7,"column":null}},"2":{"start":{"line":8,"column":10},"end":{"line":8,"column":null}},"3":{"start":{"line":9,"column":10},"end":{"line":9,"column":null}},"4":{"start":{"line":11,"column":24},"end":{"line":58,"column":null}},"5":{"start":{"line":12,"column":8},"end":{"line":12,"column":null}},"6":{"start":{"line":12,"column":19},"end":{"line":12,"column":null}},"7":{"start":{"line":14,"column":8},"end":{"line":17,"column":null}},"8":{"start":{"line":15,"column":12},"end":{"line":15,"column":null}},"9":{"start":{"line":16,"column":12},"end":{"line":16,"column":null}},"10":{"start":{"line":19,"column":25},"end":{"line":19,"column":null}},"11":{"start":{"line":20,"column":8},"end":{"line":23,"column":null}},"12":{"start":{"line":21,"column":12},"end":{"line":21,"column":null}},"13":{"start":{"line":22,"column":12},"end":{"line":22,"column":null}},"14":{"start":{"line":26,"column":24},"end":{"line":30,"column":null}},"15":{"start":{"line":32,"column":8},"end":{"line":32,"column":null}},"16":{"start":{"line":33,"column":8},"end":{"line":33,"column":null}},"17":{"start":{"line":35,"column":8},"end":{"line":57,"column":null}},"18":{"start":{"line":36,"column":39},"end":{"line":36,"column":null}},"19":{"start":{"line":39,"column":35},"end":{"line":42,"column":null}},"20":{"start":{"line":44,"column":12},"end":{"line":44,"column":null}},"21":{"start":{"line":44,"column":36},"end":{"line":44,"column":null}},"22":{"start":{"line":45,"column":12},"end":{"line":45,"column":null}},"23":{"start":{"line":47,"column":12},"end":{"line":49,"column":null}},"24":{"start":{"line":48,"column":16},"end":{"line":48,"column":null}},"25":{"start":{"line":51,"column":12},"end":{"line":51,"column":null}},"26":{"start":{"line":52,"column":12},"end":{"line":52,"column":null}},"27":{"start":{"line":54,"column":12},"end":{"line":54,"column":null}},"28":{"start":{"line":54,"column":30},"end":{"line":54,"column":null}},"29":{"start":{"line":56,"column":12},"end":{"line":56,"column":null}},"30":{"start":{"line":60,"column":19},"end":{"line":65,"column":null}},"31":{"start":{"line":61,"column":8},"end":{"line":61,"column":null}},"32":{"start":{"line":62,"column":8},"end":{"line":62,"column":null}},"33":{"start":{"line":63,"column":21},"end":{"line":63,"column":null}},"34":{"start":{"line":64,"column":8},"end":{"line":64,"column":null}},"35":{"start":{"line":67,"column":29},"end":{"line":72,"column":null}},"36":{"start":{"line":68,"column":23},"end":{"line":68,"column":null}},"37":{"start":{"line":69,"column":8},"end":{"line":71,"column":null}},"38":{"start":{"line":70,"column":12},"end":{"line":70,"column":null}},"39":{"start":{"line":74,"column":29},"end":{"line":74,"column":null}},"40":{"start":{"line":74,"column":35},"end":{"line":74,"column":null}},"41":{"start":{"line":76,"column":23},"end":{"line":84,"column":null}},"42":{"start":{"line":77,"column":8},"end":{"line":80,"column":null}},"43":{"start":{"line":78,"column":12},"end":{"line":78,"column":null}},"44":{"start":{"line":79,"column":12},"end":{"line":79,"column":null}},"45":{"start":{"line":81,"column":8},"end":{"line":83,"column":null}},"46":{"start":{"line":82,"column":12},"end":{"line":82,"column":null}},"47":{"start":{"line":87,"column":4},"end":{"line":89,"column":null}},"48":{"start":{"line":88,"column":8},"end":{"line":88,"column":null}},"49":{"start":{"line":88,"column":32},"end":{"line":88,"column":null}},"50":{"start":{"line":91,"column":4},"end":{"line":102,"column":null}},"51":{"start":{"line":97,"column":27},"end":{"line":97,"column":null}},"52":{"start":{"line":98,"column":28},"end":{"line":98,"column":null}}},"fnMap":{"0":{"name":"useImageUpload","decl":{"start":{"line":5,"column":16},"end":{"line":5,"column":31}},"loc":{"start":{"line":5,"column":68},"end":{"line":103,"column":null}},"line":5},"1":{"name":"(anonymous_1)","decl":{"start":{"line":11,"column":24},"end":{"line":11,"column":31}},"loc":{"start":{"line":11,"column":58},"end":{"line":58,"column":null}},"line":11},"2":{"name":"(anonymous_2)","decl":{"start":{"line":60,"column":19},"end":{"line":60,"column":20}},"loc":{"start":{"line":60,"column":37},"end":{"line":65,"column":null}},"line":60},"3":{"name":"(anonymous_3)","decl":{"start":{"line":67,"column":29},"end":{"line":67,"column":36}},"loc":{"start":{"line":67,"column":49},"end":{"line":72,"column":null}},"line":67},"4":{"name":"(anonymous_4)","decl":{"start":{"line":74,"column":29},"end":{"line":74,"column":35}},"loc":{"start":{"line":74,"column":35},"end":{"line":74,"column":null}},"line":74},"5":{"name":"(anonymous_5)","decl":{"start":{"line":76,"column":23},"end":{"line":76,"column":29}},"loc":{"start":{"line":76,"column":29},"end":{"line":84,"column":null}},"line":76},"6":{"name":"(anonymous_6)","decl":{"start":{"line":87,"column":16},"end":{"line":87,"column":22}},"loc":{"start":{"line":87,"column":22},"end":{"line":89,"column":5}},"line":87},"7":{"name":"(anonymous_7)","decl":{"start":{"line":97,"column":20},"end":{"line":97,"column":27}},"loc":{"start":{"line":97,"column":27},"end":{"line":97,"column":null}},"line":97},"8":{"name":"(anonymous_8)","decl":{"start":{"line":98,"column":21},"end":{"line":98,"column":28}},"loc":{"start":{"line":98,"column":28},"end":{"line":98,"column":null}},"line":98}},"branchMap":{"0":{"loc":{"start":{"line":12,"column":8},"end":{"line":12,"column":null}},"type":"if","locations":[{"start":{"line":12,"column":8},"end":{"line":12,"column":null}},{"start":{},"end":{}}],"line":12},"1":{"loc":{"start":{"line":14,"column":8},"end":{"line":17,"column":null}},"type":"if","locations":[{"start":{"line":14,"column":8},"end":{"line":17,"column":null}},{"start":{},"end":{}}],"line":14},"2":{"loc":{"start":{"line":20,"column":8},"end":{"line":23,"column":null}},"type":"if","locations":[{"start":{"line":20,"column":8},"end":{"line":23,"column":null}},{"start":{},"end":{}}],"line":20},"3":{"loc":{"start":{"line":44,"column":12},"end":{"line":44,"column":null}},"type":"if","locations":[{"start":{"line":44,"column":12},"end":{"line":44,"column":null}},{"start":{},"end":{}}],"line":44},"4":{"loc":{"start":{"line":47,"column":12},"end":{"line":49,"column":null}},"type":"if","locations":[{"start":{"line":47,"column":12},"end":{"line":49,"column":null}},{"start":{},"end":{}}],"line":47},"5":{"loc":{"start":{"line":54,"column":12},"end":{"line":54,"column":null}},"type":"if","locations":[{"start":{"line":54,"column":12},"end":{"line":54,"column":null}},{"start":{},"end":{}}],"line":54},"6":{"loc":{"start":{"line":69,"column":8},"end":{"line":71,"column":null}},"type":"if","locations":[{"start":{"line":69,"column":8},"end":{"line":71,"column":null}},{"start":{},"end":{}}],"line":69},"7":{"loc":{"start":{"line":77,"column":8},"end":{"line":80,"column":null}},"type":"if","locations":[{"start":{"line":77,"column":8},"end":{"line":80,"column":null}},{"start":{},"end":{}}],"line":77},"8":{"loc":{"start":{"line":81,"column":8},"end":{"line":83,"column":null}},"type":"if","locations":[{"start":{"line":81,"column":8},"end":{"line":83,"column":null}},{"start":{},"end":{}}],"line":81},"9":{"loc":{"start":{"line":88,"column":8},"end":{"line":88,"column":null}},"type":"if","locations":[{"start":{"line":88,"column":8},"end":{"line":88,"column":null}},{"start":{},"end":{}}],"line":88}},"s":{"0":4,"1":4,"2":4,"3":4,"4":4,"5":2,"6":0,"7":2,"8":0,"9":0,"10":2,"11":2,"12":1,"13":1,"14":1,"15":1,"16":1,"17":1,"18":1,"19":1,"20":1,"21":0,"22":1,"23":1,"24":1,"25":0,"26":0,"27":0,"28":0,"29":1,"30":4,"31":0,"32":0,"33":0,"34":0,"35":4,"36":2,"37":2,"38":2,"39":4,"40":0,"41":4,"42":1,"43":1,"44":1,"45":1,"46":0,"47":4,"48":0,"49":0,"50":4,"51":0,"52":0},"f":{"0":4,"1":2,"2":0,"3":2,"4":0,"5":1,"6":0,"7":0,"8":0},"b":{"0":[0,2],"1":[0,2],"2":[1,1],"3":[0,1],"4":[1,0],"5":[0,0],"6":[2,0],"7":[1,0],"8":[0,1],"9":[0,0]},"meta":{"lastBranch":10,"lastFunction":9,"lastStatement":53,"seen":{"f:5:16:5:31":0,"s:6:10:6:Infinity":0,"s:7:10:7:Infinity":1,"s:8:10:8:Infinity":2,"s:9:10:9:Infinity":3,"s:11:24:58:Infinity":4,"f:11:24:11:31":1,"b:12:8:12:Infinity:undefined:undefined:undefined:undefined":0,"s:12:8:12:Infinity":5,"s:12:19:12:Infinity":6,"b:14:8:17:Infinity:undefined:undefined:undefined:undefined":1,"s:14:8:17:Infinity":7,"s:15:12:15:Infinity":8,"s:16:12:16:Infinity":9,"s:19:25:19:Infinity":10,"b:20:8:23:Infinity:undefined:undefined:undefined:undefined":2,"s:20:8:23:Infinity":11,"s:21:12:21:Infinity":12,"s:22:12:22:Infinity":13,"s:26:24:30:Infinity":14,"s:32:8:32:Infinity":15,"s:33:8:33:Infinity":16,"s:35:8:57:Infinity":17,"s:36:39:36:Infinity":18,"s:39:35:42:Infinity":19,"b:44:12:44:Infinity:undefined:undefined:undefined:undefined":3,"s:44:12:44:Infinity":20,"s:44:36:44:Infinity":21,"s:45:12:45:Infinity":22,"b:47:12:49:Infinity:undefined:undefined:undefined:undefined":4,"s:47:12:49:Infinity":23,"s:48:16:48:Infinity":24,"s:51:12:51:Infinity":25,"s:52:12:52:Infinity":26,"b:54:12:54:Infinity:undefined:undefined:undefined:undefined":5,"s:54:12:54:Infinity":27,"s:54:30:54:Infinity":28,"s:56:12:56:Infinity":29,"s:60:19:65:Infinity":30,"f:60:19:60:20":2,"s:61:8:61:Infinity":31,"s:62:8:62:Infinity":32,"s:63:21:63:Infinity":33,"s:64:8:64:Infinity":34,"s:67:29:72:Infinity":35,"f:67:29:67:36":3,"s:68:23:68:Infinity":36,"b:69:8:71:Infinity:undefined:undefined:undefined:undefined":6,"s:69:8:71:Infinity":37,"s:70:12:70:Infinity":38,"s:74:29:74:Infinity":39,"f:74:29:74:35":4,"s:74:35:74:Infinity":40,"s:76:23:84:Infinity":41,"f:76:23:76:29":5,"b:77:8:80:Infinity:undefined:undefined:undefined:undefined":7,"s:77:8:80:Infinity":42,"s:78:12:78:Infinity":43,"s:79:12:79:Infinity":44,"b:81:8:83:Infinity:undefined:undefined:undefined:undefined":8,"s:81:8:83:Infinity":45,"s:82:12:82:Infinity":46,"s:87:4:89:Infinity":47,"f:87:16:87:22":6,"b:88:8:88:Infinity:undefined:undefined:undefined:undefined":9,"s:88:8:88:Infinity":48,"s:88:32:88:Infinity":49,"s:91:4:102:Infinity":50,"f:97:20:97:27":7,"s:97:27:97:Infinity":51,"f:98:21:98:28":8,"s:98:28:98:Infinity":52}}}
,"C:\\WebProgramming\\petProjects\\Planto-Laravel\\resources\\js\\composables\\useScrollReveal.ts": {"path":"C:\\WebProgramming\\petProjects\\Planto-Laravel\\resources\\js\\composables\\useScrollReveal.ts","statementMap":{"0":{"start":{"line":16,"column":8},"end":{"line":16,"column":null}},"1":{"start":{"line":18,"column":48},"end":{"line":18,"column":null}},"2":{"start":{"line":20,"column":4},"end":{"line":38,"column":null}},"3":{"start":{"line":21,"column":8},"end":{"line":33,"column":null}},"4":{"start":{"line":23,"column":16},"end":{"line":30,"column":null}},"5":{"start":{"line":24,"column":20},"end":{"line":29,"column":null}},"6":{"start":{"line":25,"column":39},"end":{"line":25,"column":null}},"7":{"start":{"line":26,"column":24},"end":{"line":26,"column":null}},"8":{"start":{"line":28,"column":24},"end":{"line":28,"column":null}},"9":{"start":{"line":35,"column":25},"end":{"line":35,"column":null}},"10":{"start":{"line":37,"column":8},"end":{"line":37,"column":null}},"11":{"start":{"line":37,"column":33},"end":{"line":37,"column":54}},"12":{"start":{"line":40,"column":4},"end":{"line":45,"column":null}},"13":{"start":{"line":41,"column":8},"end":{"line":44,"column":null}},"14":{"start":{"line":42,"column":12},"end":{"line":42,"column":null}},"15":{"start":{"line":43,"column":12},"end":{"line":43,"column":null}}},"fnMap":{"0":{"name":"useScrollReveal","decl":{"start":{"line":10,"column":16},"end":{"line":10,"column":32}},"loc":{"start":{"line":10,"column":61},"end":{"line":46,"column":null}},"line":10},"1":{"name":"(anonymous_1)","decl":{"start":{"line":20,"column":14},"end":{"line":20,"column":20}},"loc":{"start":{"line":20,"column":20},"end":{"line":38,"column":5}},"line":20},"2":{"name":"(anonymous_2)","decl":{"start":{"line":22,"column":12},"end":{"line":22,"column":13}},"loc":{"start":{"line":22,"column":25},"end":{"line":31,"column":null}},"line":22},"3":{"name":"(anonymous_3)","decl":{"start":{"line":23,"column":32},"end":{"line":23,"column":33}},"loc":{"start":{"line":23,"column":43},"end":{"line":30,"column":17}},"line":23},"4":{"name":"(anonymous_4)","decl":{"start":{"line":37,"column":25},"end":{"line":37,"column":26}},"loc":{"start":{"line":37,"column":33},"end":{"line":37,"column":54}},"line":37},"5":{"name":"(anonymous_5)","decl":{"start":{"line":40,"column":16},"end":{"line":40,"column":22}},"loc":{"start":{"line":40,"column":22},"end":{"line":45,"column":5}},"line":40}},"branchMap":{"0":{"loc":{"start":{"line":10,"column":32},"end":{"line":10,"column":61}},"type":"default-arg","locations":[{"start":{"line":10,"column":57},"end":{"line":10,"column":61}}],"line":10},"1":{"loc":{"start":{"line":12,"column":8},"end":{"line":12,"column":null}},"type":"default-arg","locations":[{"start":{"line":12,"column":20},"end":{"line":12,"column":null}}],"line":12},"2":{"loc":{"start":{"line":13,"column":8},"end":{"line":13,"column":null}},"type":"default-arg","locations":[{"start":{"line":13,"column":21},"end":{"line":13,"column":null}}],"line":13},"3":{"loc":{"start":{"line":14,"column":8},"end":{"line":14,"column":null}},"type":"default-arg","locations":[{"start":{"line":14,"column":20},"end":{"line":14,"column":null}}],"line":14},"4":{"loc":{"start":{"line":15,"column":8},"end":{"line":15,"column":null}},"type":"default-arg","locations":[{"start":{"line":15,"column":19},"end":{"line":15,"column":null}}],"line":15},"5":{"loc":{"start":{"line":24,"column":20},"end":{"line":29,"column":null}},"type":"if","locations":[{"start":{"line":24,"column":20},"end":{"line":29,"column":null}},{"start":{},"end":{}}],"line":24},"6":{"loc":{"start":{"line":41,"column":8},"end":{"line":44,"column":null}},"type":"if","locations":[{"start":{"line":41,"column":8},"end":{"line":44,"column":null}},{"start":{},"end":{}}],"line":41}},"s":{"0":3,"1":3,"2":3,"3":3,"4":1,"5":1,"6":1,"7":1,"8":1,"9":3,"10":3,"11":3,"12":3,"13":1,"14":1,"15":1},"f":{"0":3,"1":3,"2":1,"3":1,"4":3,"5":1},"b":{"0":[3],"1":[3],"2":[3],"3":[3],"4":[3],"5":[1,0],"6":[1,0]},"meta":{"lastBranch":7,"lastFunction":6,"lastStatement":16,"seen":{"f:10:16:10:32":0,"b:10:57:10:61":0,"s:16:8:16:Infinity":0,"b:12:20:12:Infinity":1,"b:13:21:13:Infinity":2,"b:14:20:14:Infinity":3,"b:15:19:15:Infinity":4,"s:18:48:18:Infinity":1,"s:20:4:38:Infinity":2,"f:20:14:20:20":1,"s:21:8:33:Infinity":3,"f:22:12:22:13":2,"s:23:16:30:Infinity":4,"f:23:32:23:33":3,"b:24:20:29:Infinity:undefined:undefined:undefined:undefined":5,"s:24:20:29:Infinity":5,"s:25:39:25:Infinity":6,"s:26:24:26:Infinity":7,"s:28:24:28:Infinity":8,"s:35:25:35:Infinity":9,"s:37:8:37:Infinity":10,"f:37:25:37:26":4,"s:37:33:37:54":11,"s:40:4:45:Infinity":12,"f:40:16:40:22":5,"b:41:8:44:Infinity:undefined:undefined:undefined:undefined":6,"s:41:8:44:Infinity":13,"s:42:12:42:Infinity":14,"s:43:12:43:Infinity":15}}}
,"C:\\WebProgramming\\petProjects\\Planto-Laravel\\resources\\js\\utils\\helpers.ts": {"path":"C:\\WebProgramming\\petProjects\\Planto-Laravel\\resources\\js\\utils\\helpers.ts","statementMap":{"0":{"start":{"line":5,"column":58},"end":{"line":5,"column":null}},"1":{"start":{"line":7,"column":4},"end":{"line":15,"column":null}},"2":{"start":{"line":8,"column":8},"end":{"line":10,"column":null}},"3":{"start":{"line":9,"column":12},"end":{"line":9,"column":null}},"4":{"start":{"line":12,"column":8},"end":{"line":14,"column":null}},"5":{"start":{"line":13,"column":12},"end":{"line":13,"column":null}}},"fnMap":{"0":{"name":"debounce","decl":{"start":{"line":4,"column":16},"end":{"line":4,"column":60}},"loc":{"start":{"line":4,"column":82},"end":{"line":16,"column":null}},"line":4},"1":{"name":"(anonymous_1)","decl":{"start":{"line":7,"column":11},"end":{"line":7,"column":35}},"loc":{"start":{"line":7,"column":56},"end":{"line":15,"column":null}},"line":7},"2":{"name":"(anonymous_2)","decl":{"start":{"line":12,"column":31},"end":{"line":12,"column":37}},"loc":{"start":{"line":12,"column":37},"end":{"line":14,"column":11}},"line":12}},"branchMap":{"0":{"loc":{"start":{"line":8,"column":8},"end":{"line":10,"column":null}},"type":"if","locations":[{"start":{"line":8,"column":8},"end":{"line":10,"column":null}},{"start":{},"end":{}}],"line":8}},"s":{"0":2,"1":2,"2":4,"3":2,"4":4,"5":2},"f":{"0":2,"1":4,"2":2},"b":{"0":[2,2]},"meta":{"lastBranch":1,"lastFunction":3,"lastStatement":6,"seen":{"f:4:16:4:60":0,"s:5:58:5:Infinity":0,"s:7:4:15:Infinity":1,"f:7:11:7:35":1,"b:8:8:10:Infinity:undefined:undefined:undefined:undefined":0,"s:8:8:10:Infinity":2,"s:9:12:9:Infinity":3,"s:12:8:14:Infinity":4,"f:12:31:12:37":2,"s:13:12:13:Infinity":5}}}
,"C:\\WebProgramming\\petProjects\\Planto-Laravel\\resources\\js\\utils\\money.ts": {"path":"C:\\WebProgramming\\petProjects\\Planto-Laravel\\resources\\js\\utils\\money.ts","statementMap":{"0":{"start":{"line":4,"column":25},"end":{"line":10,"column":null}},"1":{"start":{"line":5,"column":4},"end":{"line":9,"column":null}},"2":{"start":{"line":15,"column":30},"end":{"line":20,"column":null}},"3":{"start":{"line":19,"column":4},"end":{"line":19,"column":null}}},"fnMap":{"0":{"name":"(anonymous_0)","decl":{"start":{"line":4,"column":25},"end":{"line":4,"column":26}},"loc":{"start":{"line":4,"column":62},"end":{"line":10,"column":null}},"line":4},"1":{"name":"(anonymous_1)","decl":{"start":{"line":15,"column":30},"end":{"line":15,"column":null}},"loc":{"start":{"line":18,"column":13},"end":{"line":20,"column":null}},"line":18}},"branchMap":{},"s":{"0":1,"1":2,"2":1,"3":2},"f":{"0":2,"1":2},"b":{},"meta":{"lastBranch":0,"lastFunction":2,"lastStatement":4,"seen":{"s:4:25:10:Infinity":0,"f:4:25:4:26":0,"s:5:4:9:Infinity":1,"s:15:30:20:Infinity":2,"f:15:30:15:Infinity":1,"s:19:4:19:Infinity":3}}}
}
