{"C:\\WebProgramming\\petProjects\\Planto-Laravel\\resources\\js\\utils\\money.ts": {"path":"C:\\WebProgramming\\petProjects\\Planto-Laravel\\resources\\js\\utils\\money.ts","statementMap":{"0":{"start":{"line":4,"column":25},"end":{"line":10,"column":null}},"1":{"start":{"line":5,"column":4},"end":{"line":9,"column":null}},"2":{"start":{"line":15,"column":30},"end":{"line":20,"column":null}},"3":{"start":{"line":19,"column":4},"end":{"line":19,"column":null}}},"fnMap":{"0":{"name":"(anonymous_0)","decl":{"start":{"line":4,"column":25},"end":{"line":4,"column":26}},"loc":{"start":{"line":4,"column":62},"end":{"line":10,"column":null}},"line":4},"1":{"name":"(anonymous_1)","decl":{"start":{"line":15,"column":30},"end":{"line":15,"column":null}},"loc":{"start":{"line":18,"column":13},"end":{"line":20,"column":null}},"line":18}},"branchMap":{},"s":{"0":1,"1":2,"2":1,"3":2},"f":{"0":2,"1":2},"b":{},"meta":{"lastBranch":0,"lastFunction":2,"lastStatement":4,"seen":{"s:4:25:10:Infinity":0,"f:4:25:4:26":0,"s:5:4:9:Infinity":1,"s:15:30:20:Infinity":2,"f:15:30:15:Infinity":1,"s:19:4:19:Infinity":3}}}
}
